{"numTotalTestSuites":7,"numPassedTestSuites":0,"numFailedTestSuites":7,"numPendingTestSuites":0,"numTotalTests":55,"numPassedTests":21,"numFailedTests":34,"numPendingTests":0,"numTodoTests":0,"snapshot":{"added":0,"failure":false,"filesAdded":0,"filesRemoved":0,"filesRemovedList":[],"filesUnmatched":0,"filesUpdated":0,"matched":0,"total":0,"unchecked":0,"uncheckedKeysByFile":[],"unmatched":0,"updated":0,"didUpdate":false},"startTime":1772528060619,"success":false,"testResults":[{"assertionResults":[{"ancestorTitles":["JobStatsCards"],"fullName":"JobStatsCards renders all four stat cards","status":"passed","title":"renders all four stat cards","duration":12.982083999999986,"failureMessages":[],"meta":{}},{"ancestorTitles":["JobStatsCards"],"fullName":"JobStatsCards calculates active jobs count correctly","status":"passed","title":"calculates active jobs count correctly","duration":2.8098339999999666,"failureMessages":[],"meta":{}},{"ancestorTitles":["JobStatsCards"],"fullName":"JobStatsCards calculates completed today count correctly","status":"passed","title":"calculates completed today count correctly","duration":4.144041000000016,"failureMessages":[],"meta":{}},{"ancestorTitles":["JobStatsCards"],"fullName":"JobStatsCards calculates failed jobs count correctly","status":"passed","title":"calculates failed jobs count correctly","duration":2.2177919999999745,"failureMessages":[],"meta":{}},{"ancestorTitles":["JobStatsCards"],"fullName":"JobStatsCards calculates average enrichment time correctly","status":"passed","title":"calculates average enrichment time correctly","duration":2.598542000000009,"failureMessages":[],"meta":{}},{"ancestorTitles":["JobStatsCards"],"fullName":"JobStatsCards shows loading state","status":"failed","title":"shows loading state","duration":6.167082999999991,"failureMessages":["AssertionError: expected 4 to be +0 // Object.is equality\n    at /Users/alariceverett/projects/gtm-os/components/research/__tests__/JobComponents.test.tsx:143:26\n    at file:///Users/alariceverett/projects/gtm-os/node_modules/@vitest/runner/dist/index.js:145:11\n    at file:///Users/alariceverett/projects/gtm-os/node_modules/@vitest/runner/dist/index.js:915:26\n    at file:///Users/alariceverett/projects/gtm-os/node_modules/@vitest/runner/dist/index.js:1243:20\n    at new Promise (<anonymous>)\n    at runWithTimeout (file:///Users/alariceverett/projects/gtm-os/node_modules/@vitest/runner/dist/index.js:1209:10)\n    at file:///Users/alariceverett/projects/gtm-os/node_modules/@vitest/runner/dist/index.js:1653:37\n    at Traces.$ (file:///Users/alariceverett/projects/gtm-os/node_modules/vitest/dist/chunks/traces.CCmnQaNT.js:142:27)\n    at trace (file:///Users/alariceverett/projects/gtm-os/node_modules/vitest/dist/chunks/test.B8ej_ZHS.js:239:21)\n    at runTest (file:///Users/alariceverett/projects/gtm-os/node_modules/@vitest/runner/dist/index.js:1653:12)"],"meta":{}},{"ancestorTitles":["JobStatsCards"],"fullName":"JobStatsCards handles empty jobs array","status":"failed","title":"handles empty jobs array","duration":3.2236670000000345,"failureMessages":["TestingLibraryElementError: Found multiple elements with the text: 0\n\nHere are the matching elements:\n\nIgnored nodes: comments, script, style\n\u001b[36m<span\u001b[39m\n  \u001b[33mclass\u001b[39m=\u001b[32m\"text-2xl font-bold text-slate-100 tabular-nums\"\u001b[39m\n\u001b[36m>\u001b[39m\n  \u001b[0m0\u001b[0m\n\u001b[36m</span>\u001b[39m\n\nIgnored nodes: comments, script, style\n\u001b[36m<span\u001b[39m\n  \u001b[33mclass\u001b[39m=\u001b[32m\"text-2xl font-bold text-slate-100 tabular-nums\"\u001b[39m\n\u001b[36m>\u001b[39m\n  \u001b[0m0\u001b[0m\n\u001b[36m</span>\u001b[39m\n\nIgnored nodes: comments, script, style\n\u001b[36m<span\u001b[39m\n  \u001b[33mclass\u001b[39m=\u001b[32m\"text-2xl font-bold text-slate-100 tabular-nums\"\u001b[39m\n\u001b[36m>\u001b[39m\n  \u001b[0m0\u001b[0m\n\u001b[36m</span>\u001b[39m\n\n(If this is intentional, then use the `*AllBy*` variant of the query (like `queryAllByText`, `getAllByText`, or `findAllByText`)).\n\nIgnored nodes: comments, script, style\n\u001b[36m<body>\u001b[39m\n  \u001b[36m<div>\u001b[39m\n    \u001b[36m<div\u001b[39m\n      \u001b[33mclass\u001b[39m=\u001b[32m\"grid grid-cols-1 sm:grid-cols-2 lg:grid-cols-4 gap-4\"\u001b[39m\n    \u001b[36m>\u001b[39m\n      \u001b[36m<div\u001b[39m\n        \u001b[33maria-label\u001b[39m=\u001b[32m\"Active Jobs statistic\"\u001b[39m\n        \u001b[33mclass\u001b[39m=\u001b[32m\"relative rounded-xl p-5 border transition-all duration-200 hover:shadow-lg hover:shadow-black/10 hover:-translate-y-0.5 opacity-0 animate-fade-in-up bg-blue-500/10 border-blue-500/20\"\u001b[39m\n        \u001b[33mrole\u001b[39m=\u001b[32m\"region\"\u001b[39m\n        \u001b[33mstyle\u001b[39m=\u001b[32m\"background-color: rgba(30, 41, 59, 0.8); animation-delay: 0ms; animation-fill-mode: forwards;\"\u001b[39m\n      \u001b[36m>\u001b[39m\n        \u001b[36m<div\u001b[39m\n          \u001b[33mclass\u001b[39m=\u001b[32m\"flex items-center justify-between mb-3\"\u001b[39m\n        \u001b[36m>\u001b[39m\n          \u001b[36m<p\u001b[39m\n            \u001b[33mclass\u001b[39m=\u001b[32m\"text-sm font-medium text-slate-400\"\u001b[39m\n          \u001b[36m>\u001b[39m\n            \u001b[0mActive Jobs\u001b[0m\n          \u001b[36m</p>\u001b[39m\n          \u001b[36m<div\u001b[39m\n            \u001b[33mclass\u001b[39m=\u001b[32m\"p-2 rounded-lg bg-blue-500/20\"\u001b[39m\n          \u001b[36m>\u001b[39m\n            \u001b[36m<svg\u001b[39m\n              \u001b[33maria-hidden\u001b[39m=\u001b[32m\"true\"\u001b[39m\n              \u001b[33mclass\u001b[39m=\u001b[32m\"lucide lucide-activity w-5 h-5 text-blue-400\"\u001b[39m\n              \u001b[33mfill\u001b[39m=\u001b[32m\"none\"\u001b[39m\n              \u001b[33mheight\u001b[39m=\u001b[32m\"24\"\u001b[39m\n              \u001b[33mstroke\u001b[39m=\u001b[32m\"currentColor\"\u001b[39m\n              \u001b[33mstroke-linecap\u001b[39m=\u001b[32m\"round\"\u001b[39m\n              \u001b[33mstroke-linejoin\u001b[39m=\u001b[32m\"round\"\u001b[39m\n              \u001b[33mstroke-width\u001b[39m=\u001b[32m\"2\"\u001b[39m\n              \u001b[33mviewBox\u001b[39m=\u001b[32m\"0 0 24 24\"\u001b[39m\n              \u001b[33mwidth\u001b[39m=\u001b[32m\"24\"\u001b[39m\n              \u001b[33mxmlns\u001b[39m=\u001b[32m\"http://www.w3.org/2000/svg\"\u001b[39m\n            \u001b[36m>\u001b[39m\n              \u001b[36m<path\u001b[39m\n                \u001b[33md\u001b[39m=\u001b[32m\"M22 12h-2.48a2 2 0 0 0-1.93 1.46l-2.35 8.36a.25.25 0 0 1-.48 0L9.24 2.18a.25.25 0 0 0-.48 0l-2.35 8.36A2 2 0 0 1 4.49 12H2\"\u001b[39m\n              \u001b[36m/>\u001b[39m\n            \u001b[36m</svg>\u001b[39m\n          \u001b[36m</div>\u001b[39m\n        \u001b[36m</div>\u001b[39m\n        \u001b[36m<div\u001b[39m\n          \u001b[33mclass\u001b[39m=\u001b[32m\"flex items-baseline gap-2\"\u001b[39m\n        \u001b[36m>\u001b[39m\n          \u001b[36m<span\u001b[39m\n            \u001b[33mclass\u001b[39m=\u001b[32m\"text-2xl font-bold text-slate-100 tabular-nums\"\u001b[39m\n          \u001b[36m>\u001b[39m\n            \u001b[0m0\u001b[0m\n          \u001b[36m</span>\u001b[39m\n        \u001b[36m</div>\u001b[39m\n        \u001b[36m<p\u001b[39m\n          \u001b[33mclass\u001b[39m=\u001b[32m\"mt-1 text-xs text-slate-500\"\u001b[39m\n        \u001b[36m>\u001b[39m\n          \u001b[0mNo jobs running\u001b[0m\n        \u001b[36m</p>\u001b[39m\n      \u001b[36m</div>\u001b[39m\n      \u001b[36m<div\u001b[39m\n        \u001b[33maria-label\u001b[39m=\u001b[32m\"Completed Today statistic\"\u001b[39m\n        \u001b[33mclass\u001b[39m=\u001b[32m\"relative rounded-xl p-5 border transition-all duration-200 hover:shadow-lg hover:shadow-black/10 hover:-translate-y-0.5 opacity-0 animate-fade-in-up bg-emerald-500/10 border-emerald-500/20\"\u001b[39m\n        \u001b[33mrole\u001b[39m=\u001b[32m\"region\"\u001b[39m\n        \u001b[33mstyle\u001b[39m=\u001b[32m\"background-color: rgba(30, 41, 59, 0.8); animation-delay: 100ms; animation-fill-mode: forwards;\"\u001b[39m\n      \u001b[36m>\u001b[39m\n        \u001b[36m<div\u001b[39m\n          \u001b[33mclass\u001b[39m=\u001b[32m\"flex items-center justify-between mb-3\"\u001b[39m\n        \u001b[36m>\u001b[39m\n          \u001b[36m<p\u001b[39m\n            \u001b[33mclass\u001b[39m=\u001b[32m\"text-sm font-medium text-slate-400\"\u001b[39m\n          \u001b[36m>\u001b[39m\n            \u001b[0mCompleted Today\u001b[0m\n          \u001b[36m</p>\u001b[39m\n          \u001b[36m<div\u001b[39m\n            \u001b[33mclass\u001b[39m=\u001b[32m\"p-2 rounded-lg bg-emerald-500/20\"\u001b[39m\n          \u001b[36m>\u001b[39m\n            \u001b[36m<svg\u001b[39m\n              \u001b[33maria-hidden\u001b[39m=\u001b[32m\"true\"\u001b[39m\n              \u001b[33mclass\u001b[39m=\u001b[32m\"lucide lucide-circle-check w-5 h-5 text-emerald-400\"\u001b[39m\n              \u001b[33mfill\u001b[39m=\u001b[32m\"none\"\u001b[39m\n              \u001b[33mheight\u001b[39m=\u001b[32m\"24\"\u001b[39m\n              \u001b[33mstroke\u001b[39m=\u001b[32m\"currentColor\"\u001b[39m\n              \u001b[33mstroke-linecap\u001b[39m=\u001b[32m\"round\"\u001b[39m\n              \u001b[33mstroke-linejoin\u001b[39m=\u001b[32m\"round\"\u001b[39m\n              \u001b[33mstroke-width\u001b[39m=\u001b[32m\"2\"\u001b[39m\n              \u001b[33mviewBox\u001b[39m=\u001b[32m\"0 0 24 24\"\u001b[39m\n              \u001b[33mwidth\u001b[39m=\u001b[32m\"24\"\u001b[39m\n              \u001b[33mxmlns\u001b[39m=\u001b[32m\"http://www.w3.org/2000/svg\"\u001b[39m\n            \u001b[36m>\u001b[39m\n              \u001b[36m<circle\u001b[39m\n                \u001b[33mcx\u001b[39m=\u001b[32m\"12\"\u001b[39m\n                \u001b[33mcy\u001b[39m=\u001b[32m\"12\"\u001b[39m\n                \u001b[33mr\u001b[39m=\u001b[32m\"10\"\u001b[39m\n              \u001b[36m/>\u001b[39m\n              \u001b[36m<path\u001b[39m\n                \u001b[33md\u001b[39m=\u001b[32m\"m9 12 2 2 4-4\"\u001b[39m\n              \u001b[36m/>\u001b[39m\n            \u001b[36m</svg>\u001b[39m\n          \u001b[36m</div>\u001b[39m\n        \u001b[36m</div>\u001b[39m\n        \u001b[36m<div\u001b[39m\n          \u001b[33mclass\u001b[39m=\u001b[32m\"flex items-baseline gap-2\"\u001b[39m\n        \u001b[36m>\u001b[39m\n          \u001b[36m<span\u001b[39m\n            \u001b[33mclass\u001b[39m=\u001b[32m\"text-2xl font-bold text-slate-100 tabular-nums\"\u001b[39m\n          \u001b[36m>\u001b[39m\n            \u001b[0m0\u001b[0m\n          \u001b[36m</span>\u001b[39m\n        \u001b[36m</div>\u001b[39m\n        \u001b[36m<p\u001b[39m\n          \u001b[33mclass\u001b[39m=\u001b[32m\"mt-1 text-xs text-slate-500\"\u001b[39m\n        \u001b[36m>\u001b[39m\n          \u001b[0mNothing finished today\u001b[0m\n        \u001b[36m</p>\u001b[39m\n      \u001b[36m</div>\u001b[39m\n      \u001b[36m<div\u001b[39m\n        \u001b[33maria-label\u001b[39m=\u001b[32m\"Failed Jobs statistic\"\u001b[39m\n        \u001b[33mclass\u001b[39m=\u001b[32m\"relative rounded-xl p-5 border transition-all duration-200 hover:shadow-lg hover:shadow-black/10 hover:-translate-y-0.5 opacity-0 animate-fade-in-up bg-red-500/10 border-red-500/20\"\u001b[39m\n        \u001b[33mrole\u001b[39m=\u001b[32m\"region\"\u001b[39m\n        \u001b[33mstyle\u001b[39m=\u001b[32m\"background-color: rgba(30, 41, 59, 0.8); animation-delay: 200ms; animation-fill-mode: forwards;\"\u001b[39m\n      \u001b[36m>\u001b[39m\n        \u001b[36m<div\u001b[39m\n          \u001b[33mclass\u001b[39m=\u001b[32m\"flex items-center justify-between mb-3\"\u001b[39m\n        \u001b[36m>\u001b[39m\n          \u001b[36m<p\u001b[39m\n            \u001b[33mclass\u001b[39m=\u001b[32m\"text-sm font-medium text-slate-400\"\u001b[39m\n          \u001b[36m>\u001b[39m\n            \u001b[0mFailed Jobs\u001b[0m\n          \u001b[36m</p>\u001b[39m\n          \u001b[36m<div\u001b[39m\n            \u001b[33mclass\u001b[39m=\u001b[32m\"p-2 rounded-lg bg-red-500/20\"\u001b[39m\n          \u001b[36m>\u001b[39m\n            \u001b[36m<svg\u001b[39m\n              \u001b[33maria-hidden\u001b[39m=\u001b[32m\"true\"\u001b[39m\n              \u001b[33mclass\u001b[39m=\u001b[32m\"lucide lucide-circle-x w-5 h-5 text-red-400\"\u001b[39m\n              \u001b[33mfill\u001b[39m=\u001b[32m\"none\"\u001b[39m\n              \u001b[33mheight\u001b[39m=\u001b[32m\"24\"\u001b[39m\n              \u001b[33mstroke\u001b[39m=\u001b[32m\"currentColor\"\u001b[39m\n              \u001b[33mstroke-linecap\u001b[39m=\u001b[32m\"round\"\u001b[39m\n              \u001b[33mstroke-linejoin\u001b[39m=\u001b[32m\"round\"\u001b[39m\n              \u001b[33mstroke-width\u001b[39m=\u001b[32m\"2\"\u001b[39m\n              \u001b[33mviewBox\u001b[39m=\u001b[32m\"0 0 24 24\"\u001b[39m\n              \u001b[33mwidth\u001b[39m=\u001b[32m\"24\"\u001b[39m\n              \u001b[33mxmlns\u001b[39m=\u001b[32m\"http://www.w3.org/2000/svg\"\u001b[39m\n            \u001b[36m>\u001b[39m\n              \u001b[36m<circle\u001b[39m\n                \u001b[33mcx\u001b[39m=\u001b[32m\"12\"\u001b[39m\n                \u001b[33mcy\u001b[39m=\u001b[32m\"12\"\u001b[39m\n                \u001b[33mr\u001b[39m=\u001b[32m\"10\"\u001b[39m\n              \u001b[36m/>\u001b[39m\n              \u001b[36m<path\u001b[39m\n                \u001b[33md\u001b[39m=\u001b[32m\"m15 9-6 6\"\u001b[39m\n              \u001b[36m/>\u001b[39m\n              \u001b[36m<path\u001b[39m\n                \u001b[33md\u001b[39m=\u001b[32m\"m9 9 6 6\"\u001b[39m\n              \u001b[36m/>\u001b[39m\n            \u001b[36m</svg>\u001b[39m\n          \u001b[36m</div>\u001b[39m\n        \u001b[36m</div>\u001b[39m\n        \u001b[36m<div\u001b[39m\n          \u001b[33mclass\u001b[39m=\u001b[32m\"flex items-baseline gap-2\"\u001b[39m\n        \u001b[36m>\u001b[39m\n          \u001b[36m<span\u001b[39m\n            \u001b[33mclass\u001b[39m=\u001b[32m\"text-2xl font-bold text-slate-100 tabular-nums\"\u001b[39m\n          \u001b[36m>\u001b[39m\n            \u001b[0m0\u001b[0m\n          \u001b[36m</span>\u001b[39m\n        \u001b[36m</div>\u001b[39m\n        \u001b[36m<p\u001b[39m\n          \u001b[33mclass\u001b[39m=\u001b[32m\"mt-1 text-xs text-slate-500\"\u001b[39m\n        \u001b[36m>\u001b[39m\n          \u001b[0mAll systems operational\u001b[0m\n        \u001b[36m</p>\u001b[39m\n      \u001b[36m</div>\u001b[39m\n      \u001b[36m<div\u001b[39m\n        \u001b[33maria-label\u001b[39m=\u001b[32m\"Avg Enrichment Time statistic\"\u001b[39m\n        \u001b[33mclass\u001b[39m=\u001b[32m\"relative rounded-xl p-5 border transition-all duration-200 hover:shadow-lg hover:shadow-black/10 hover:-translate-y-0.5 opacity-0 animate-fade-in-up bg-amber-500/10 border-amber-500/20\"\u001b[39m\n        \u001b[33mrole\u001b[39m=\u001b[32m\"region\"\u001b[39m\n        \u001b[33mstyle\u001b[39m=\u001b[32m\"background-color: rgba(30, 41, 59, 0.8); animation-delay: 300ms; animation-fill-mode: forwards;\"\u001b[39m\n      \u001b[36m>\u001b[39m\n        \u001b[36m<div\u001b[39m\n          \u001b[33mclass\u001b[39m=\u001b[32m\"flex items-center justify-between mb-3\"\u001b[39m\n        \u001b[36m>\u001b[39m\n          \u001b[36m<p\u001b[39m\n            \u001b[33mclass\u001b[39m=\u001b[32m\"text-sm font-medium text-slate-400\"\u001b[39m\n          \u001b[36m>\u001b[39m\n            \u001b[0mAvg Enrichment Time\u001b[0m\n          \u001b[36m</p>\u001b[39m\n          \u001b[36m<div\u001b[39m\n            \u001b[33mclass\u001b[39m=\u001b[32m\"p-2 rounded-lg bg-amber-500/20\"\u001b[39m\n          \u001b[36m>\u001b[39m\n            \u001b[36m<svg\u001b[39m\n              \u001b[33maria-hidden\u001b[39m=\u001b[32m\"true\"\u001b[39m\n              \u001b[33mclass\u001b[39m=\u001b[32m\"lucide lucide-clock w-5 h-5 text-amber-400\"\u001b[39m\n              \u001b[33mfill\u001b[39m=\u001b[32m\"none\"\u001b[39m\n              \u001b[33mheight\u001b[39m=\u001b[32m\"24\"\u001b[39m\n              \u001b[33mstroke\u001b[39m=\u001b[32m\"currentColor\"\u001b[39m\n              \u001b[33mstroke-linecap\u001b[39m=\u001b[32m\"round\"\u001b[39m\n              \u001b[33mstroke-linejoin\u001b[39m=\u001b[32m\"round\"\u001b[39m\n              \u001b[33mstroke-width\u001b[39m=\u001b[32m\"2\"\u001b[39m\n              \u001b[33mviewBox\u001b[39m=\u001b[32m\"0 0 24 24\"\u001b[39m\n              \u001b[33mwidth\u001b[39m=\u001b[32m\"24\"\u001b[39m\n              \u001b[33mxmlns\u001b[39m=\u001b[32m\"http://www.w3.org/2000/svg\"\u001b[39m\n            \u001b[36m>\u001b[39m\n              \u001b[36m<circle\u001b[39m\n                \u001b[33mcx\u001b[39m=\u001b[32m\"12\"\u001b[39m\n                \u001b[33mcy\u001b[39m=\u001b[32m\"12\"\u001b[39m\n                \u001b[33mr\u001b[39m=\u001b[32m\"10\"\u001b[39m\n              \u001b[36m/>\u001b[39m\n              \u001b[36m<path\u001b[39m\n                \u001b[33md\u001b[39m=\u001b[32m\"M12 6v6l4 2\"\u001b[39m\n              \u001b[36m/>\u001b[39m\n            \u001b[36m</svg>\u001b[39m\n          \u001b[36m</div>\u001b[39m\n        \u001b[36m</div>\u001b[39m\n        \u001b[36m<div\u001b[39m\n          \u001b[33mclass\u001b[39m=\u001b[32m\"flex items-baseline gap-2\"\u001b[39m\n        \u001b[36m>\u001b[39m\n          \u001b[36m<span\u001b[39m\n            \u001b[33mclass\u001b[39m=\u001b[32m\"text-2xl font-bold text-slate-100 tabular-nums\"\u001b[39m\n          \u001b[36m>\u001b[39m\n            \u001b[0m—\u001b[0m\n          \u001b[36m</span>\u001b[39m\n        \u001b[36m</div>\u001b[39m\n        \u001b[36m<p\u001b[39m\n          \u001b[33mclass\u001b[39m=\u001b[32m\"mt-1 text-xs text-slate-500\"\u001b[39m\n        \u001b[36m>\u001b[39m\n          \u001b[0mNo completed jobs yet\u001b[0m\n        \u001b[36m</p>\u001b[39m\n      \u001b[36m</div>\u001b[39m\n    \u001b[36m</div>\u001b[39m\n  \u001b[36m</div>\u001b[39m\n\u001b[36m</body>\u001b[39m\n    at Object.getElementError (/Users/alariceverett/projects/gtm-os/node_modules/@testing-library/dom/dist/config.js:37:19)\n    at getElementError (/Users/alariceverett/projects/gtm-os/node_modules/@testing-library/dom/dist/query-helpers.js:20:35)\n    at getMultipleElementsFoundError (/Users/alariceverett/projects/gtm-os/node_modules/@testing-library/dom/dist/query-helpers.js:23:10)\n    at /Users/alariceverett/projects/gtm-os/node_modules/@testing-library/dom/dist/query-helpers.js:55:13\n    at /Users/alariceverett/projects/gtm-os/node_modules/@testing-library/dom/dist/query-helpers.js:95:19\n    at /Users/alariceverett/projects/gtm-os/components/research/__tests__/JobComponents.test.tsx:151:19\n    at file:///Users/alariceverett/projects/gtm-os/node_modules/@vitest/runner/dist/index.js:145:11\n    at file:///Users/alariceverett/projects/gtm-os/node_modules/@vitest/runner/dist/index.js:915:26\n    at file:///Users/alariceverett/projects/gtm-os/node_modules/@vitest/runner/dist/index.js:1243:20\n    at new Promise (<anonymous>)"],"meta":{}},{"ancestorTitles":["JobStatsCards"],"fullName":"JobStatsCards shows delta indicators when values change","status":"passed","title":"shows delta indicators when values change","duration":3.926249999999982,"failureMessages":[],"meta":{}},{"ancestorTitles":["JobProgressBar"],"fullName":"JobProgressBar renders progress bar with correct percentage","status":"passed","title":"renders progress bar with correct percentage","duration":2.4539589999999976,"failureMessages":[],"meta":{}},{"ancestorTitles":["JobProgressBar"],"fullName":"JobProgressBar shows time estimate for active jobs","status":"failed","title":"shows time estimate for active jobs","duration":5003.5160000000005,"failureMessages":["Error: STACK_TRACE_ERROR\n    at task (file:///Users/alariceverett/projects/gtm-os/node_modules/@vitest/runner/dist/index.js:796:27)\n    at Object.<anonymous> (file:///Users/alariceverett/projects/gtm-os/node_modules/@vitest/runner/dist/index.js:823:16)\n    at Object.<anonymous> (file:///Users/alariceverett/projects/gtm-os/node_modules/@vitest/runner/dist/index.js:615:28)\n    at chain (file:///Users/alariceverett/projects/gtm-os/node_modules/@vitest/runner/dist/chunk-tasks.js:9:14)\n    at /Users/alariceverett/projects/gtm-os/components/research/__tests__/JobComponents.test.tsx:188:3\n    at file:///Users/alariceverett/projects/gtm-os/node_modules/@vitest/runner/dist/index.js:901:40\n    at runWithSuite (file:///Users/alariceverett/projects/gtm-os/node_modules/@vitest/runner/dist/index.js:1195:8)\n    at Object.collect (file:///Users/alariceverett/projects/gtm-os/node_modules/@vitest/runner/dist/index.js:901:10)\n    at Object.collect (file:///Users/alariceverett/projects/gtm-os/node_modules/@vitest/runner/dist/index.js:905:54)\n    at processTicksAndRejections (node:internal/process/task_queues:105:5)\n    at file:///Users/alariceverett/projects/gtm-os/node_modules/@vitest/runner/dist/index.js:1390:26\n    at collectTests (file:///Users/alariceverett/projects/gtm-os/node_modules/@vitest/runner/dist/index.js:1365:3)\n    at startTests (file:///Users/alariceverett/projects/gtm-os/node_modules/@vitest/runner/dist/index.js:1937:17)\n    at file:///Users/alariceverett/projects/gtm-os/node_modules/vitest/dist/chunks/base.CJ0Y4ePK.js:86:26\n    at run (file:///Users/alariceverett/projects/gtm-os/node_modules/vitest/dist/chunks/base.CJ0Y4ePK.js:79:2)"],"meta":{}},{"ancestorTitles":["JobProgressBar"],"fullName":"JobProgressBar has proper ARIA attributes","status":"passed","title":"has proper ARIA attributes","duration":1.7617500000005748,"failureMessages":[],"meta":{}},{"ancestorTitles":["JobProgressBar"],"fullName":"JobProgressBar shows different colors based on progress","status":"passed","title":"shows different colors based on progress","duration":2.5241670000004888,"failureMessages":[],"meta":{}},{"ancestorTitles":["JobProgressBar"],"fullName":"JobProgressBar supports different sizes","status":"passed","title":"supports different sizes","duration":2.106249999999818,"failureMessages":[],"meta":{}},{"ancestorTitles":["JobProgressBar"],"fullName":"JobProgressBar shows completed/total count","status":"passed","title":"shows completed/total count","duration":0.9295409999995172,"failureMessages":[],"meta":{}},{"ancestorTitles":["JobProgressBar"],"fullName":"JobProgressBar shows failed count when > 0","status":"passed","title":"shows failed count when > 0","duration":0.8761249999997744,"failureMessages":[],"meta":{}},{"ancestorTitles":["JobActions"],"fullName":"JobActions shows cancel button for pending jobs","status":"passed","title":"shows cancel button for pending jobs","duration":1.0444580000003043,"failureMessages":[],"meta":{}},{"ancestorTitles":["JobActions"],"fullName":"JobActions shows cancel button for queued jobs","status":"passed","title":"shows cancel button for queued jobs","duration":0.39724999999998545,"failureMessages":[],"meta":{}},{"ancestorTitles":["JobActions"],"fullName":"JobActions shows cancel button for active jobs","status":"passed","title":"shows cancel button for active jobs","duration":0.37095900000076654,"failureMessages":[],"meta":{}},{"ancestorTitles":["JobActions"],"fullName":"JobActions shows cancel button for paused jobs","status":"passed","title":"shows cancel button for paused jobs","duration":0.3580000000001746,"failureMessages":[],"meta":{}},{"ancestorTitles":["JobActions"],"fullName":"JobActions shows retry button for failed jobs","status":"passed","title":"shows retry button for failed jobs","duration":0.42462500000056025,"failureMessages":[],"meta":{}},{"ancestorTitles":["JobActions"],"fullName":"JobActions shows view results button for completed jobs with results","status":"passed","title":"shows view results button for completed jobs with results","duration":0.4600829999999405,"failureMessages":[],"meta":{}},{"ancestorTitles":["JobActions"],"fullName":"JobActions hides view results for completed jobs without results","status":"passed","title":"hides view results for completed jobs without results","duration":0.4290419999997539,"failureMessages":[],"meta":{}},{"ancestorTitles":["JobActions"],"fullName":"JobActions handles cancel action","status":"failed","title":"handles cancel action","duration":5002.9675,"failureMessages":["Error: STACK_TRACE_ERROR\n    at task (file:///Users/alariceverett/projects/gtm-os/node_modules/@vitest/runner/dist/index.js:796:27)\n    at Object.<anonymous> (file:///Users/alariceverett/projects/gtm-os/node_modules/@vitest/runner/dist/index.js:823:16)\n    at Object.<anonymous> (file:///Users/alariceverett/projects/gtm-os/node_modules/@vitest/runner/dist/index.js:615:28)\n    at chain (file:///Users/alariceverett/projects/gtm-os/node_modules/@vitest/runner/dist/chunk-tasks.js:9:14)\n    at /Users/alariceverett/projects/gtm-os/components/research/__tests__/JobComponents.test.tsx:326:3\n    at file:///Users/alariceverett/projects/gtm-os/node_modules/@vitest/runner/dist/index.js:901:40\n    at runWithSuite (file:///Users/alariceverett/projects/gtm-os/node_modules/@vitest/runner/dist/index.js:1195:8)\n    at Object.collect (file:///Users/alariceverett/projects/gtm-os/node_modules/@vitest/runner/dist/index.js:901:10)\n    at Object.collect (file:///Users/alariceverett/projects/gtm-os/node_modules/@vitest/runner/dist/index.js:905:54)\n    at processTicksAndRejections (node:internal/process/task_queues:105:5)\n    at file:///Users/alariceverett/projects/gtm-os/node_modules/@vitest/runner/dist/index.js:1390:26\n    at collectTests (file:///Users/alariceverett/projects/gtm-os/node_modules/@vitest/runner/dist/index.js:1365:3)\n    at startTests (file:///Users/alariceverett/projects/gtm-os/node_modules/@vitest/runner/dist/index.js:1937:17)\n    at file:///Users/alariceverett/projects/gtm-os/node_modules/vitest/dist/chunks/base.CJ0Y4ePK.js:86:26\n    at run (file:///Users/alariceverett/projects/gtm-os/node_modules/vitest/dist/chunks/base.CJ0Y4ePK.js:79:2)"],"meta":{}},{"ancestorTitles":["JobActions"],"fullName":"JobActions handles retry action","status":"failed","title":"handles retry action","duration":5003.243541,"failureMessages":["Error: STACK_TRACE_ERROR\n    at task (file:///Users/alariceverett/projects/gtm-os/node_modules/@vitest/runner/dist/index.js:796:27)\n    at Object.<anonymous> (file:///Users/alariceverett/projects/gtm-os/node_modules/@vitest/runner/dist/index.js:823:16)\n    at Object.<anonymous> (file:///Users/alariceverett/projects/gtm-os/node_modules/@vitest/runner/dist/index.js:615:28)\n    at chain (file:///Users/alariceverett/projects/gtm-os/node_modules/@vitest/runner/dist/chunk-tasks.js:9:14)\n    at /Users/alariceverett/projects/gtm-os/components/research/__tests__/JobComponents.test.tsx:343:3\n    at file:///Users/alariceverett/projects/gtm-os/node_modules/@vitest/runner/dist/index.js:901:40\n    at runWithSuite (file:///Users/alariceverett/projects/gtm-os/node_modules/@vitest/runner/dist/index.js:1195:8)\n    at Object.collect (file:///Users/alariceverett/projects/gtm-os/node_modules/@vitest/runner/dist/index.js:901:10)\n    at Object.collect (file:///Users/alariceverett/projects/gtm-os/node_modules/@vitest/runner/dist/index.js:905:54)\n    at processTicksAndRejections (node:internal/process/task_queues:105:5)\n    at file:///Users/alariceverett/projects/gtm-os/node_modules/@vitest/runner/dist/index.js:1390:26\n    at collectTests (file:///Users/alariceverett/projects/gtm-os/node_modules/@vitest/runner/dist/index.js:1365:3)\n    at startTests (file:///Users/alariceverett/projects/gtm-os/node_modules/@vitest/runner/dist/index.js:1937:17)\n    at file:///Users/alariceverett/projects/gtm-os/node_modules/vitest/dist/chunks/base.CJ0Y4ePK.js:86:26\n    at run (file:///Users/alariceverett/projects/gtm-os/node_modules/vitest/dist/chunks/base.CJ0Y4ePK.js:79:2)"],"meta":{}},{"ancestorTitles":["JobActions"],"fullName":"JobActions handles view action","status":"passed","title":"handles view action","duration":0.7906250000014552,"failureMessages":[],"meta":{}},{"ancestorTitles":["JobActions"],"fullName":"JobActions shows loading state during cancel","status":"failed","title":"shows loading state during cancel","duration":5000.485958000001,"failureMessages":["Error: STACK_TRACE_ERROR\n    at task (file:///Users/alariceverett/projects/gtm-os/node_modules/@vitest/runner/dist/index.js:796:27)\n    at Object.<anonymous> (file:///Users/alariceverett/projects/gtm-os/node_modules/@vitest/runner/dist/index.js:823:16)\n    at Object.<anonymous> (file:///Users/alariceverett/projects/gtm-os/node_modules/@vitest/runner/dist/index.js:615:28)\n    at chain (file:///Users/alariceverett/projects/gtm-os/node_modules/@vitest/runner/dist/chunk-tasks.js:9:14)\n    at /Users/alariceverett/projects/gtm-os/components/research/__tests__/JobComponents.test.tsx:372:3\n    at file:///Users/alariceverett/projects/gtm-os/node_modules/@vitest/runner/dist/index.js:901:40\n    at runWithSuite (file:///Users/alariceverett/projects/gtm-os/node_modules/@vitest/runner/dist/index.js:1195:8)\n    at Object.collect (file:///Users/alariceverett/projects/gtm-os/node_modules/@vitest/runner/dist/index.js:901:10)\n    at Object.collect (file:///Users/alariceverett/projects/gtm-os/node_modules/@vitest/runner/dist/index.js:905:54)\n    at processTicksAndRejections (node:internal/process/task_queues:105:5)\n    at file:///Users/alariceverett/projects/gtm-os/node_modules/@vitest/runner/dist/index.js:1390:26\n    at collectTests (file:///Users/alariceverett/projects/gtm-os/node_modules/@vitest/runner/dist/index.js:1365:3)\n    at startTests (file:///Users/alariceverett/projects/gtm-os/node_modules/@vitest/runner/dist/index.js:1937:17)\n    at file:///Users/alariceverett/projects/gtm-os/node_modules/vitest/dist/chunks/base.CJ0Y4ePK.js:86:26\n    at run (file:///Users/alariceverett/projects/gtm-os/node_modules/vitest/dist/chunks/base.CJ0Y4ePK.js:79:2)"],"meta":{}},{"ancestorTitles":["JobActions"],"fullName":"JobActions shows loading state during retry","status":"failed","title":"shows loading state during retry","duration":5002.103959,"failureMessages":["Error: STACK_TRACE_ERROR\n    at task (file:///Users/alariceverett/projects/gtm-os/node_modules/@vitest/runner/dist/index.js:796:27)\n    at Object.<anonymous> (file:///Users/alariceverett/projects/gtm-os/node_modules/@vitest/runner/dist/index.js:823:16)\n    at Object.<anonymous> (file:///Users/alariceverett/projects/gtm-os/node_modules/@vitest/runner/dist/index.js:615:28)\n    at chain (file:///Users/alariceverett/projects/gtm-os/node_modules/@vitest/runner/dist/chunk-tasks.js:9:14)\n    at /Users/alariceverett/projects/gtm-os/components/research/__tests__/JobComponents.test.tsx:386:3\n    at file:///Users/alariceverett/projects/gtm-os/node_modules/@vitest/runner/dist/index.js:901:40\n    at runWithSuite (file:///Users/alariceverett/projects/gtm-os/node_modules/@vitest/runner/dist/index.js:1195:8)\n    at Object.collect (file:///Users/alariceverett/projects/gtm-os/node_modules/@vitest/runner/dist/index.js:901:10)\n    at Object.collect (file:///Users/alariceverett/projects/gtm-os/node_modules/@vitest/runner/dist/index.js:905:54)\n    at processTicksAndRejections (node:internal/process/task_queues:105:5)\n    at file:///Users/alariceverett/projects/gtm-os/node_modules/@vitest/runner/dist/index.js:1390:26\n    at collectTests (file:///Users/alariceverett/projects/gtm-os/node_modules/@vitest/runner/dist/index.js:1365:3)\n    at startTests (file:///Users/alariceverett/projects/gtm-os/node_modules/@vitest/runner/dist/index.js:1937:17)\n    at file:///Users/alariceverett/projects/gtm-os/node_modules/vitest/dist/chunks/base.CJ0Y4ePK.js:86:26\n    at run (file:///Users/alariceverett/projects/gtm-os/node_modules/vitest/dist/chunks/base.CJ0Y4ePK.js:79:2)"],"meta":{}},{"ancestorTitles":["JobActions"],"fullName":"JobActions handles cancel error","status":"failed","title":"handles cancel error","duration":5000.509792000001,"failureMessages":["Error: STACK_TRACE_ERROR\n    at task (file:///Users/alariceverett/projects/gtm-os/node_modules/@vitest/runner/dist/index.js:796:27)\n    at Object.<anonymous> (file:///Users/alariceverett/projects/gtm-os/node_modules/@vitest/runner/dist/index.js:823:16)\n    at Object.<anonymous> (file:///Users/alariceverett/projects/gtm-os/node_modules/@vitest/runner/dist/index.js:615:28)\n    at chain (file:///Users/alariceverett/projects/gtm-os/node_modules/@vitest/runner/dist/chunk-tasks.js:9:14)\n    at /Users/alariceverett/projects/gtm-os/components/research/__tests__/JobComponents.test.tsx:400:3\n    at file:///Users/alariceverett/projects/gtm-os/node_modules/@vitest/runner/dist/index.js:901:40\n    at runWithSuite (file:///Users/alariceverett/projects/gtm-os/node_modules/@vitest/runner/dist/index.js:1195:8)\n    at Object.collect (file:///Users/alariceverett/projects/gtm-os/node_modules/@vitest/runner/dist/index.js:901:10)\n    at Object.collect (file:///Users/alariceverett/projects/gtm-os/node_modules/@vitest/runner/dist/index.js:905:54)\n    at processTicksAndRejections (node:internal/process/task_queues:105:5)\n    at file:///Users/alariceverett/projects/gtm-os/node_modules/@vitest/runner/dist/index.js:1390:26\n    at collectTests (file:///Users/alariceverett/projects/gtm-os/node_modules/@vitest/runner/dist/index.js:1365:3)\n    at startTests (file:///Users/alariceverett/projects/gtm-os/node_modules/@vitest/runner/dist/index.js:1937:17)\n    at file:///Users/alariceverett/projects/gtm-os/node_modules/vitest/dist/chunks/base.CJ0Y4ePK.js:86:26\n    at run (file:///Users/alariceverett/projects/gtm-os/node_modules/vitest/dist/chunks/base.CJ0Y4ePK.js:79:2)"],"meta":{}},{"ancestorTitles":["JobActions"],"fullName":"JobActions renders nothing for jobs with no available actions","status":"passed","title":"renders nothing for jobs with no available actions","duration":0.5262499999989814,"failureMessages":[],"meta":{}},{"ancestorTitles":["JobActions"],"fullName":"JobActions disables buttons while loading","status":"failed","title":"disables buttons while loading","duration":5002.146165999999,"failureMessages":["Error: STACK_TRACE_ERROR\n    at task (file:///Users/alariceverett/projects/gtm-os/node_modules/@vitest/runner/dist/index.js:796:27)\n    at Object.<anonymous> (file:///Users/alariceverett/projects/gtm-os/node_modules/@vitest/runner/dist/index.js:823:16)\n    at Object.<anonymous> (file:///Users/alariceverett/projects/gtm-os/node_modules/@vitest/runner/dist/index.js:615:28)\n    at chain (file:///Users/alariceverett/projects/gtm-os/node_modules/@vitest/runner/dist/chunk-tasks.js:9:14)\n    at /Users/alariceverett/projects/gtm-os/components/research/__tests__/JobComponents.test.tsx:422:3\n    at file:///Users/alariceverett/projects/gtm-os/node_modules/@vitest/runner/dist/index.js:901:40\n    at runWithSuite (file:///Users/alariceverett/projects/gtm-os/node_modules/@vitest/runner/dist/index.js:1195:8)\n    at Object.collect (file:///Users/alariceverett/projects/gtm-os/node_modules/@vitest/runner/dist/index.js:901:10)\n    at Object.collect (file:///Users/alariceverett/projects/gtm-os/node_modules/@vitest/runner/dist/index.js:905:54)\n    at processTicksAndRejections (node:internal/process/task_queues:105:5)\n    at file:///Users/alariceverett/projects/gtm-os/node_modules/@vitest/runner/dist/index.js:1390:26\n    at collectTests (file:///Users/alariceverett/projects/gtm-os/node_modules/@vitest/runner/dist/index.js:1365:3)\n    at startTests (file:///Users/alariceverett/projects/gtm-os/node_modules/@vitest/runner/dist/index.js:1937:17)\n    at file:///Users/alariceverett/projects/gtm-os/node_modules/vitest/dist/chunks/base.CJ0Y4ePK.js:86:26\n    at run (file:///Users/alariceverett/projects/gtm-os/node_modules/vitest/dist/chunks/base.CJ0Y4ePK.js:79:2)"],"meta":{}}],"startTime":1772528060962,"endTime":1772528096031.1462,"status":"failed","message":"","name":"/Users/alariceverett/projects/gtm-os/components/research/__tests__/JobComponents.test.tsx"},{"assertionResults":[{"ancestorTitles":["ResearchJobsList"],"fullName":"ResearchJobsList renders loading state initially","status":"failed","title":"renders loading state initially","duration":12.592750000000024,"failureMessages":["TestingLibraryElementError: Unable to find an accessible element with the role \"status\"\n\nThere are no accessible roles. But there might be some inaccessible roles. If you wish to access them, then set the `hidden` option to `true`. Learn more about this here: https://testing-library.com/docs/dom-testing-library/api-queries#byrole\n\nIgnored nodes: comments, script, style\n\u001b[36m<body>\u001b[39m\n  \u001b[36m<div>\u001b[39m\n    \u001b[36m<div\u001b[39m\n      \u001b[33mclass\u001b[39m=\u001b[32m\"flex items-center justify-center h-64 \"\u001b[39m\n    \u001b[36m>\u001b[39m\n      \u001b[36m<svg\u001b[39m\n        \u001b[33maria-hidden\u001b[39m=\u001b[32m\"true\"\u001b[39m\n        \u001b[33mclass\u001b[39m=\u001b[32m\"lucide lucide-loader-circle w-8 h-8 text-violet-400 animate-spin\"\u001b[39m\n        \u001b[33mfill\u001b[39m=\u001b[32m\"none\"\u001b[39m\n        \u001b[33mheight\u001b[39m=\u001b[32m\"24\"\u001b[39m\n        \u001b[33mstroke\u001b[39m=\u001b[32m\"currentColor\"\u001b[39m\n        \u001b[33mstroke-linecap\u001b[39m=\u001b[32m\"round\"\u001b[39m\n        \u001b[33mstroke-linejoin\u001b[39m=\u001b[32m\"round\"\u001b[39m\n        \u001b[33mstroke-width\u001b[39m=\u001b[32m\"2\"\u001b[39m\n        \u001b[33mviewBox\u001b[39m=\u001b[32m\"0 0 24 24\"\u001b[39m\n        \u001b[33mwidth\u001b[39m=\u001b[32m\"24\"\u001b[39m\n        \u001b[33mxmlns\u001b[39m=\u001b[32m\"http://www.w3.org/2000/svg\"\u001b[39m\n      \u001b[36m>\u001b[39m\n        \u001b[36m<path\u001b[39m\n          \u001b[33md\u001b[39m=\u001b[32m\"M21 12a9 9 0 1 1-6.219-8.56\"\u001b[39m\n        \u001b[36m/>\u001b[39m\n      \u001b[36m</svg>\u001b[39m\n    \u001b[36m</div>\u001b[39m\n  \u001b[36m</div>\u001b[39m\n\u001b[36m</body>\u001b[39m\n    at Object.getElementError (/Users/alariceverett/projects/gtm-os/node_modules/@testing-library/dom/dist/config.js:37:19)\n    at /Users/alariceverett/projects/gtm-os/node_modules/@testing-library/dom/dist/query-helpers.js:76:38\n    at /Users/alariceverett/projects/gtm-os/node_modules/@testing-library/dom/dist/query-helpers.js:52:17\n    at /Users/alariceverett/projects/gtm-os/node_modules/@testing-library/dom/dist/query-helpers.js:95:19\n    at /Users/alariceverett/projects/gtm-os/components/research/__tests__/ResearchJobsList.test.tsx:126:19\n    at file:///Users/alariceverett/projects/gtm-os/node_modules/@vitest/runner/dist/index.js:145:11\n    at file:///Users/alariceverett/projects/gtm-os/node_modules/@vitest/runner/dist/index.js:915:26\n    at file:///Users/alariceverett/projects/gtm-os/node_modules/@vitest/runner/dist/index.js:1243:20\n    at new Promise (<anonymous>)\n    at runWithTimeout (file:///Users/alariceverett/projects/gtm-os/node_modules/@vitest/runner/dist/index.js:1209:10)"],"meta":{}},{"ancestorTitles":["ResearchJobsList"],"fullName":"ResearchJobsList renders jobs list after loading","status":"failed","title":"renders jobs list after loading","duration":5000.680625,"failureMessages":["Error: STACK_TRACE_ERROR\n    at task (file:///Users/alariceverett/projects/gtm-os/node_modules/@vitest/runner/dist/index.js:796:27)\n    at Object.<anonymous> (file:///Users/alariceverett/projects/gtm-os/node_modules/@vitest/runner/dist/index.js:823:16)\n    at Object.<anonymous> (file:///Users/alariceverett/projects/gtm-os/node_modules/@vitest/runner/dist/index.js:615:28)\n    at chain (file:///Users/alariceverett/projects/gtm-os/node_modules/@vitest/runner/dist/chunk-tasks.js:9:14)\n    at /Users/alariceverett/projects/gtm-os/components/research/__tests__/ResearchJobsList.test.tsx:129:3\n    at file:///Users/alariceverett/projects/gtm-os/node_modules/@vitest/runner/dist/index.js:901:40\n    at runWithSuite (file:///Users/alariceverett/projects/gtm-os/node_modules/@vitest/runner/dist/index.js:1195:8)\n    at Object.collect (file:///Users/alariceverett/projects/gtm-os/node_modules/@vitest/runner/dist/index.js:901:10)\n    at Object.collect (file:///Users/alariceverett/projects/gtm-os/node_modules/@vitest/runner/dist/index.js:905:54)\n    at processTicksAndRejections (node:internal/process/task_queues:105:5)\n    at file:///Users/alariceverett/projects/gtm-os/node_modules/@vitest/runner/dist/index.js:1390:26\n    at collectTests (file:///Users/alariceverett/projects/gtm-os/node_modules/@vitest/runner/dist/index.js:1365:3)\n    at startTests (file:///Users/alariceverett/projects/gtm-os/node_modules/@vitest/runner/dist/index.js:1937:17)\n    at file:///Users/alariceverett/projects/gtm-os/node_modules/vitest/dist/chunks/base.CJ0Y4ePK.js:86:26\n    at run (file:///Users/alariceverett/projects/gtm-os/node_modules/vitest/dist/chunks/base.CJ0Y4ePK.js:79:2)"],"meta":{}},{"ancestorTitles":["ResearchJobsList"],"fullName":"ResearchJobsList displays stats cards","status":"failed","title":"displays stats cards","duration":5000.933415999999,"failureMessages":["Error: STACK_TRACE_ERROR\n    at task (file:///Users/alariceverett/projects/gtm-os/node_modules/@vitest/runner/dist/index.js:796:27)\n    at Object.<anonymous> (file:///Users/alariceverett/projects/gtm-os/node_modules/@vitest/runner/dist/index.js:823:16)\n    at Object.<anonymous> (file:///Users/alariceverett/projects/gtm-os/node_modules/@vitest/runner/dist/index.js:615:28)\n    at chain (file:///Users/alariceverett/projects/gtm-os/node_modules/@vitest/runner/dist/chunk-tasks.js:9:14)\n    at /Users/alariceverett/projects/gtm-os/components/research/__tests__/ResearchJobsList.test.tsx:142:3\n    at file:///Users/alariceverett/projects/gtm-os/node_modules/@vitest/runner/dist/index.js:901:40\n    at runWithSuite (file:///Users/alariceverett/projects/gtm-os/node_modules/@vitest/runner/dist/index.js:1195:8)\n    at Object.collect (file:///Users/alariceverett/projects/gtm-os/node_modules/@vitest/runner/dist/index.js:901:10)\n    at Object.collect (file:///Users/alariceverett/projects/gtm-os/node_modules/@vitest/runner/dist/index.js:905:54)\n    at processTicksAndRejections (node:internal/process/task_queues:105:5)\n    at file:///Users/alariceverett/projects/gtm-os/node_modules/@vitest/runner/dist/index.js:1390:26\n    at collectTests (file:///Users/alariceverett/projects/gtm-os/node_modules/@vitest/runner/dist/index.js:1365:3)\n    at startTests (file:///Users/alariceverett/projects/gtm-os/node_modules/@vitest/runner/dist/index.js:1937:17)\n    at file:///Users/alariceverett/projects/gtm-os/node_modules/vitest/dist/chunks/base.CJ0Y4ePK.js:86:26\n    at run (file:///Users/alariceverett/projects/gtm-os/node_modules/vitest/dist/chunks/base.CJ0Y4ePK.js:79:2)"],"meta":{}},{"ancestorTitles":["ResearchJobsList"],"fullName":"ResearchJobsList calculates and displays active jobs count correctly","status":"failed","title":"calculates and displays active jobs count correctly","duration":5002.477374999999,"failureMessages":["Error: STACK_TRACE_ERROR\n    at task (file:///Users/alariceverett/projects/gtm-os/node_modules/@vitest/runner/dist/index.js:796:27)\n    at Object.<anonymous> (file:///Users/alariceverett/projects/gtm-os/node_modules/@vitest/runner/dist/index.js:823:16)\n    at Object.<anonymous> (file:///Users/alariceverett/projects/gtm-os/node_modules/@vitest/runner/dist/index.js:615:28)\n    at chain (file:///Users/alariceverett/projects/gtm-os/node_modules/@vitest/runner/dist/chunk-tasks.js:9:14)\n    at /Users/alariceverett/projects/gtm-os/components/research/__tests__/ResearchJobsList.test.tsx:155:3\n    at file:///Users/alariceverett/projects/gtm-os/node_modules/@vitest/runner/dist/index.js:901:40\n    at runWithSuite (file:///Users/alariceverett/projects/gtm-os/node_modules/@vitest/runner/dist/index.js:1195:8)\n    at Object.collect (file:///Users/alariceverett/projects/gtm-os/node_modules/@vitest/runner/dist/index.js:901:10)\n    at Object.collect (file:///Users/alariceverett/projects/gtm-os/node_modules/@vitest/runner/dist/index.js:905:54)\n    at processTicksAndRejections (node:internal/process/task_queues:105:5)\n    at file:///Users/alariceverett/projects/gtm-os/node_modules/@vitest/runner/dist/index.js:1390:26\n    at collectTests (file:///Users/alariceverett/projects/gtm-os/node_modules/@vitest/runner/dist/index.js:1365:3)\n    at startTests (file:///Users/alariceverett/projects/gtm-os/node_modules/@vitest/runner/dist/index.js:1937:17)\n    at file:///Users/alariceverett/projects/gtm-os/node_modules/vitest/dist/chunks/base.CJ0Y4ePK.js:86:26\n    at run (file:///Users/alariceverett/projects/gtm-os/node_modules/vitest/dist/chunks/base.CJ0Y4ePK.js:79:2)"],"meta":{}},{"ancestorTitles":["ResearchJobsList"],"fullName":"ResearchJobsList calculates completed today correctly","status":"failed","title":"calculates completed today correctly","duration":5004.1575840000005,"failureMessages":["Error: STACK_TRACE_ERROR\n    at task (file:///Users/alariceverett/projects/gtm-os/node_modules/@vitest/runner/dist/index.js:796:27)\n    at Object.<anonymous> (file:///Users/alariceverett/projects/gtm-os/node_modules/@vitest/runner/dist/index.js:823:16)\n    at Object.<anonymous> (file:///Users/alariceverett/projects/gtm-os/node_modules/@vitest/runner/dist/index.js:615:28)\n    at chain (file:///Users/alariceverett/projects/gtm-os/node_modules/@vitest/runner/dist/chunk-tasks.js:9:14)\n    at /Users/alariceverett/projects/gtm-os/components/research/__tests__/ResearchJobsList.test.tsx:167:3\n    at file:///Users/alariceverett/projects/gtm-os/node_modules/@vitest/runner/dist/index.js:901:40\n    at runWithSuite (file:///Users/alariceverett/projects/gtm-os/node_modules/@vitest/runner/dist/index.js:1195:8)\n    at Object.collect (file:///Users/alariceverett/projects/gtm-os/node_modules/@vitest/runner/dist/index.js:901:10)\n    at Object.collect (file:///Users/alariceverett/projects/gtm-os/node_modules/@vitest/runner/dist/index.js:905:54)\n    at processTicksAndRejections (node:internal/process/task_queues:105:5)\n    at file:///Users/alariceverett/projects/gtm-os/node_modules/@vitest/runner/dist/index.js:1390:26\n    at collectTests (file:///Users/alariceverett/projects/gtm-os/node_modules/@vitest/runner/dist/index.js:1365:3)\n    at startTests (file:///Users/alariceverett/projects/gtm-os/node_modules/@vitest/runner/dist/index.js:1937:17)\n    at file:///Users/alariceverett/projects/gtm-os/node_modules/vitest/dist/chunks/base.CJ0Y4ePK.js:86:26\n    at run (file:///Users/alariceverett/projects/gtm-os/node_modules/vitest/dist/chunks/base.CJ0Y4ePK.js:79:2)"],"meta":{}},{"ancestorTitles":["ResearchJobsList"],"fullName":"ResearchJobsList calculates failed jobs count correctly","status":"failed","title":"calculates failed jobs count correctly","duration":5002.693208999997,"failureMessages":["Error: STACK_TRACE_ERROR\n    at task (file:///Users/alariceverett/projects/gtm-os/node_modules/@vitest/runner/dist/index.js:796:27)\n    at Object.<anonymous> (file:///Users/alariceverett/projects/gtm-os/node_modules/@vitest/runner/dist/index.js:823:16)\n    at Object.<anonymous> (file:///Users/alariceverett/projects/gtm-os/node_modules/@vitest/runner/dist/index.js:615:28)\n    at chain (file:///Users/alariceverett/projects/gtm-os/node_modules/@vitest/runner/dist/chunk-tasks.js:9:14)\n    at /Users/alariceverett/projects/gtm-os/components/research/__tests__/ResearchJobsList.test.tsx:179:3\n    at file:///Users/alariceverett/projects/gtm-os/node_modules/@vitest/runner/dist/index.js:901:40\n    at runWithSuite (file:///Users/alariceverett/projects/gtm-os/node_modules/@vitest/runner/dist/index.js:1195:8)\n    at Object.collect (file:///Users/alariceverett/projects/gtm-os/node_modules/@vitest/runner/dist/index.js:901:10)\n    at Object.collect (file:///Users/alariceverett/projects/gtm-os/node_modules/@vitest/runner/dist/index.js:905:54)\n    at processTicksAndRejections (node:internal/process/task_queues:105:5)\n    at file:///Users/alariceverett/projects/gtm-os/node_modules/@vitest/runner/dist/index.js:1390:26\n    at collectTests (file:///Users/alariceverett/projects/gtm-os/node_modules/@vitest/runner/dist/index.js:1365:3)\n    at startTests (file:///Users/alariceverett/projects/gtm-os/node_modules/@vitest/runner/dist/index.js:1937:17)\n    at file:///Users/alariceverett/projects/gtm-os/node_modules/vitest/dist/chunks/base.CJ0Y4ePK.js:86:26\n    at run (file:///Users/alariceverett/projects/gtm-os/node_modules/vitest/dist/chunks/base.CJ0Y4ePK.js:79:2)"],"meta":{}},{"ancestorTitles":["ResearchJobsList"],"fullName":"ResearchJobsList filters jobs by status","status":"failed","title":"filters jobs by status","duration":5001.451957999998,"failureMessages":["Error: STACK_TRACE_ERROR\n    at task (file:///Users/alariceverett/projects/gtm-os/node_modules/@vitest/runner/dist/index.js:796:27)\n    at Object.<anonymous> (file:///Users/alariceverett/projects/gtm-os/node_modules/@vitest/runner/dist/index.js:823:16)\n    at Object.<anonymous> (file:///Users/alariceverett/projects/gtm-os/node_modules/@vitest/runner/dist/index.js:615:28)\n    at chain (file:///Users/alariceverett/projects/gtm-os/node_modules/@vitest/runner/dist/chunk-tasks.js:9:14)\n    at /Users/alariceverett/projects/gtm-os/components/research/__tests__/ResearchJobsList.test.tsx:191:3\n    at file:///Users/alariceverett/projects/gtm-os/node_modules/@vitest/runner/dist/index.js:901:40\n    at runWithSuite (file:///Users/alariceverett/projects/gtm-os/node_modules/@vitest/runner/dist/index.js:1195:8)\n    at Object.collect (file:///Users/alariceverett/projects/gtm-os/node_modules/@vitest/runner/dist/index.js:901:10)\n    at Object.collect (file:///Users/alariceverett/projects/gtm-os/node_modules/@vitest/runner/dist/index.js:905:54)\n    at processTicksAndRejections (node:internal/process/task_queues:105:5)\n    at file:///Users/alariceverett/projects/gtm-os/node_modules/@vitest/runner/dist/index.js:1390:26\n    at collectTests (file:///Users/alariceverett/projects/gtm-os/node_modules/@vitest/runner/dist/index.js:1365:3)\n    at startTests (file:///Users/alariceverett/projects/gtm-os/node_modules/@vitest/runner/dist/index.js:1937:17)\n    at file:///Users/alariceverett/projects/gtm-os/node_modules/vitest/dist/chunks/base.CJ0Y4ePK.js:86:26\n    at run (file:///Users/alariceverett/projects/gtm-os/node_modules/vitest/dist/chunks/base.CJ0Y4ePK.js:79:2)"],"meta":{}},{"ancestorTitles":["ResearchJobsList"],"fullName":"ResearchJobsList shows progress bar for running jobs","status":"failed","title":"shows progress bar for running jobs","duration":5005.514749999995,"failureMessages":["Error: STACK_TRACE_ERROR\n    at task (file:///Users/alariceverett/projects/gtm-os/node_modules/@vitest/runner/dist/index.js:796:27)\n    at Object.<anonymous> (file:///Users/alariceverett/projects/gtm-os/node_modules/@vitest/runner/dist/index.js:823:16)\n    at Object.<anonymous> (file:///Users/alariceverett/projects/gtm-os/node_modules/@vitest/runner/dist/index.js:615:28)\n    at chain (file:///Users/alariceverett/projects/gtm-os/node_modules/@vitest/runner/dist/chunk-tasks.js:9:14)\n    at /Users/alariceverett/projects/gtm-os/components/research/__tests__/ResearchJobsList.test.tsx:210:3\n    at file:///Users/alariceverett/projects/gtm-os/node_modules/@vitest/runner/dist/index.js:901:40\n    at runWithSuite (file:///Users/alariceverett/projects/gtm-os/node_modules/@vitest/runner/dist/index.js:1195:8)\n    at Object.collect (file:///Users/alariceverett/projects/gtm-os/node_modules/@vitest/runner/dist/index.js:901:10)\n    at Object.collect (file:///Users/alariceverett/projects/gtm-os/node_modules/@vitest/runner/dist/index.js:905:54)\n    at processTicksAndRejections (node:internal/process/task_queues:105:5)\n    at file:///Users/alariceverett/projects/gtm-os/node_modules/@vitest/runner/dist/index.js:1390:26\n    at collectTests (file:///Users/alariceverett/projects/gtm-os/node_modules/@vitest/runner/dist/index.js:1365:3)\n    at startTests (file:///Users/alariceverett/projects/gtm-os/node_modules/@vitest/runner/dist/index.js:1937:17)\n    at file:///Users/alariceverett/projects/gtm-os/node_modules/vitest/dist/chunks/base.CJ0Y4ePK.js:86:26\n    at run (file:///Users/alariceverett/projects/gtm-os/node_modules/vitest/dist/chunks/base.CJ0Y4ePK.js:79:2)"],"meta":{}},{"ancestorTitles":["ResearchJobsList"],"fullName":"ResearchJobsList shows time estimate for active jobs","status":"failed","title":"shows time estimate for active jobs","duration":5006.018749999996,"failureMessages":["Error: STACK_TRACE_ERROR\n    at task (file:///Users/alariceverett/projects/gtm-os/node_modules/@vitest/runner/dist/index.js:796:27)\n    at Object.<anonymous> (file:///Users/alariceverett/projects/gtm-os/node_modules/@vitest/runner/dist/index.js:823:16)\n    at Object.<anonymous> (file:///Users/alariceverett/projects/gtm-os/node_modules/@vitest/runner/dist/index.js:615:28)\n    at chain (file:///Users/alariceverett/projects/gtm-os/node_modules/@vitest/runner/dist/chunk-tasks.js:9:14)\n    at /Users/alariceverett/projects/gtm-os/components/research/__tests__/ResearchJobsList.test.tsx:222:3\n    at file:///Users/alariceverett/projects/gtm-os/node_modules/@vitest/runner/dist/index.js:901:40\n    at runWithSuite (file:///Users/alariceverett/projects/gtm-os/node_modules/@vitest/runner/dist/index.js:1195:8)\n    at Object.collect (file:///Users/alariceverett/projects/gtm-os/node_modules/@vitest/runner/dist/index.js:901:10)\n    at Object.collect (file:///Users/alariceverett/projects/gtm-os/node_modules/@vitest/runner/dist/index.js:905:54)\n    at processTicksAndRejections (node:internal/process/task_queues:105:5)\n    at file:///Users/alariceverett/projects/gtm-os/node_modules/@vitest/runner/dist/index.js:1390:26\n    at collectTests (file:///Users/alariceverett/projects/gtm-os/node_modules/@vitest/runner/dist/index.js:1365:3)\n    at startTests (file:///Users/alariceverett/projects/gtm-os/node_modules/@vitest/runner/dist/index.js:1937:17)\n    at file:///Users/alariceverett/projects/gtm-os/node_modules/vitest/dist/chunks/base.CJ0Y4ePK.js:86:26\n    at run (file:///Users/alariceverett/projects/gtm-os/node_modules/vitest/dist/chunks/base.CJ0Y4ePK.js:79:2)"],"meta":{}},{"ancestorTitles":["ResearchJobsList"],"fullName":"ResearchJobsList displays error message when fetch fails","status":"failed","title":"displays error message when fetch fails","duration":5001.2793750000055,"failureMessages":["Error: STACK_TRACE_ERROR\n    at task (file:///Users/alariceverett/projects/gtm-os/node_modules/@vitest/runner/dist/index.js:796:27)\n    at Object.<anonymous> (file:///Users/alariceverett/projects/gtm-os/node_modules/@vitest/runner/dist/index.js:823:16)\n    at Object.<anonymous> (file:///Users/alariceverett/projects/gtm-os/node_modules/@vitest/runner/dist/index.js:615:28)\n    at chain (file:///Users/alariceverett/projects/gtm-os/node_modules/@vitest/runner/dist/chunk-tasks.js:9:14)\n    at /Users/alariceverett/projects/gtm-os/components/research/__tests__/ResearchJobsList.test.tsx:233:3\n    at file:///Users/alariceverett/projects/gtm-os/node_modules/@vitest/runner/dist/index.js:901:40\n    at runWithSuite (file:///Users/alariceverett/projects/gtm-os/node_modules/@vitest/runner/dist/index.js:1195:8)\n    at Object.collect (file:///Users/alariceverett/projects/gtm-os/node_modules/@vitest/runner/dist/index.js:901:10)\n    at Object.collect (file:///Users/alariceverett/projects/gtm-os/node_modules/@vitest/runner/dist/index.js:905:54)\n    at processTicksAndRejections (node:internal/process/task_queues:105:5)\n    at file:///Users/alariceverett/projects/gtm-os/node_modules/@vitest/runner/dist/index.js:1390:26\n    at collectTests (file:///Users/alariceverett/projects/gtm-os/node_modules/@vitest/runner/dist/index.js:1365:3)\n    at startTests (file:///Users/alariceverett/projects/gtm-os/node_modules/@vitest/runner/dist/index.js:1937:17)\n    at file:///Users/alariceverett/projects/gtm-os/node_modules/vitest/dist/chunks/base.CJ0Y4ePK.js:86:26\n    at run (file:///Users/alariceverett/projects/gtm-os/node_modules/vitest/dist/chunks/base.CJ0Y4ePK.js:79:2)"],"meta":{}},{"ancestorTitles":["ResearchJobsList"],"fullName":"ResearchJobsList allows retry on error","status":"failed","title":"allows retry on error","duration":5002.35325,"failureMessages":["Error: STACK_TRACE_ERROR\n    at task (file:///Users/alariceverett/projects/gtm-os/node_modules/@vitest/runner/dist/index.js:796:27)\n    at Object.<anonymous> (file:///Users/alariceverett/projects/gtm-os/node_modules/@vitest/runner/dist/index.js:823:16)\n    at Object.<anonymous> (file:///Users/alariceverett/projects/gtm-os/node_modules/@vitest/runner/dist/index.js:615:28)\n    at chain (file:///Users/alariceverett/projects/gtm-os/node_modules/@vitest/runner/dist/chunk-tasks.js:9:14)\n    at /Users/alariceverett/projects/gtm-os/components/research/__tests__/ResearchJobsList.test.tsx:249:3\n    at file:///Users/alariceverett/projects/gtm-os/node_modules/@vitest/runner/dist/index.js:901:40\n    at runWithSuite (file:///Users/alariceverett/projects/gtm-os/node_modules/@vitest/runner/dist/index.js:1195:8)\n    at Object.collect (file:///Users/alariceverett/projects/gtm-os/node_modules/@vitest/runner/dist/index.js:901:10)\n    at Object.collect (file:///Users/alariceverett/projects/gtm-os/node_modules/@vitest/runner/dist/index.js:905:54)\n    at processTicksAndRejections (node:internal/process/task_queues:105:5)\n    at file:///Users/alariceverett/projects/gtm-os/node_modules/@vitest/runner/dist/index.js:1390:26\n    at collectTests (file:///Users/alariceverett/projects/gtm-os/node_modules/@vitest/runner/dist/index.js:1365:3)\n    at startTests (file:///Users/alariceverett/projects/gtm-os/node_modules/@vitest/runner/dist/index.js:1937:17)\n    at file:///Users/alariceverett/projects/gtm-os/node_modules/vitest/dist/chunks/base.CJ0Y4ePK.js:86:26\n    at run (file:///Users/alariceverett/projects/gtm-os/node_modules/vitest/dist/chunks/base.CJ0Y4ePK.js:79:2)"],"meta":{}},{"ancestorTitles":["ResearchJobsList"],"fullName":"ResearchJobsList shows action buttons for active jobs","status":"failed","title":"shows action buttons for active jobs","duration":5002.518375,"failureMessages":["Error: STACK_TRACE_ERROR\n    at task (file:///Users/alariceverett/projects/gtm-os/node_modules/@vitest/runner/dist/index.js:796:27)\n    at Object.<anonymous> (file:///Users/alariceverett/projects/gtm-os/node_modules/@vitest/runner/dist/index.js:823:16)\n    at Object.<anonymous> (file:///Users/alariceverett/projects/gtm-os/node_modules/@vitest/runner/dist/index.js:615:28)\n    at chain (file:///Users/alariceverett/projects/gtm-os/node_modules/@vitest/runner/dist/chunk-tasks.js:9:14)\n    at /Users/alariceverett/projects/gtm-os/components/research/__tests__/ResearchJobsList.test.tsx:270:3\n    at file:///Users/alariceverett/projects/gtm-os/node_modules/@vitest/runner/dist/index.js:901:40\n    at runWithSuite (file:///Users/alariceverett/projects/gtm-os/node_modules/@vitest/runner/dist/index.js:1195:8)\n    at Object.collect (file:///Users/alariceverett/projects/gtm-os/node_modules/@vitest/runner/dist/index.js:901:10)\n    at Object.collect (file:///Users/alariceverett/projects/gtm-os/node_modules/@vitest/runner/dist/index.js:905:54)\n    at processTicksAndRejections (node:internal/process/task_queues:105:5)\n    at file:///Users/alariceverett/projects/gtm-os/node_modules/@vitest/runner/dist/index.js:1390:26\n    at collectTests (file:///Users/alariceverett/projects/gtm-os/node_modules/@vitest/runner/dist/index.js:1365:3)\n    at startTests (file:///Users/alariceverett/projects/gtm-os/node_modules/@vitest/runner/dist/index.js:1937:17)\n    at file:///Users/alariceverett/projects/gtm-os/node_modules/vitest/dist/chunks/base.CJ0Y4ePK.js:86:26\n    at run (file:///Users/alariceverett/projects/gtm-os/node_modules/vitest/dist/chunks/base.CJ0Y4ePK.js:79:2)"],"meta":{}},{"ancestorTitles":["ResearchJobsList"],"fullName":"ResearchJobsList shows retry button for failed jobs","status":"failed","title":"shows retry button for failed jobs","duration":5008.845165999999,"failureMessages":["Error: STACK_TRACE_ERROR\n    at task (file:///Users/alariceverett/projects/gtm-os/node_modules/@vitest/runner/dist/index.js:796:27)\n    at Object.<anonymous> (file:///Users/alariceverett/projects/gtm-os/node_modules/@vitest/runner/dist/index.js:823:16)\n    at Object.<anonymous> (file:///Users/alariceverett/projects/gtm-os/node_modules/@vitest/runner/dist/index.js:615:28)\n    at chain (file:///Users/alariceverett/projects/gtm-os/node_modules/@vitest/runner/dist/chunk-tasks.js:9:14)\n    at /Users/alariceverett/projects/gtm-os/components/research/__tests__/ResearchJobsList.test.tsx:281:3\n    at file:///Users/alariceverett/projects/gtm-os/node_modules/@vitest/runner/dist/index.js:901:40\n    at runWithSuite (file:///Users/alariceverett/projects/gtm-os/node_modules/@vitest/runner/dist/index.js:1195:8)\n    at Object.collect (file:///Users/alariceverett/projects/gtm-os/node_modules/@vitest/runner/dist/index.js:901:10)\n    at Object.collect (file:///Users/alariceverett/projects/gtm-os/node_modules/@vitest/runner/dist/index.js:905:54)\n    at processTicksAndRejections (node:internal/process/task_queues:105:5)\n    at file:///Users/alariceverett/projects/gtm-os/node_modules/@vitest/runner/dist/index.js:1390:26\n    at collectTests (file:///Users/alariceverett/projects/gtm-os/node_modules/@vitest/runner/dist/index.js:1365:3)\n    at startTests (file:///Users/alariceverett/projects/gtm-os/node_modules/@vitest/runner/dist/index.js:1937:17)\n    at file:///Users/alariceverett/projects/gtm-os/node_modules/vitest/dist/chunks/base.CJ0Y4ePK.js:86:26\n    at run (file:///Users/alariceverett/projects/gtm-os/node_modules/vitest/dist/chunks/base.CJ0Y4ePK.js:79:2)"],"meta":{}},{"ancestorTitles":["ResearchJobsList"],"fullName":"ResearchJobsList shows view results button for completed jobs","status":"failed","title":"shows view results button for completed jobs","duration":5001.864667000002,"failureMessages":["Error: STACK_TRACE_ERROR\n    at task (file:///Users/alariceverett/projects/gtm-os/node_modules/@vitest/runner/dist/index.js:796:27)\n    at Object.<anonymous> (file:///Users/alariceverett/projects/gtm-os/node_modules/@vitest/runner/dist/index.js:823:16)\n    at Object.<anonymous> (file:///Users/alariceverett/projects/gtm-os/node_modules/@vitest/runner/dist/index.js:615:28)\n    at chain (file:///Users/alariceverett/projects/gtm-os/node_modules/@vitest/runner/dist/chunk-tasks.js:9:14)\n    at /Users/alariceverett/projects/gtm-os/components/research/__tests__/ResearchJobsList.test.tsx:295:3\n    at file:///Users/alariceverett/projects/gtm-os/node_modules/@vitest/runner/dist/index.js:901:40\n    at runWithSuite (file:///Users/alariceverett/projects/gtm-os/node_modules/@vitest/runner/dist/index.js:1195:8)\n    at Object.collect (file:///Users/alariceverett/projects/gtm-os/node_modules/@vitest/runner/dist/index.js:901:10)\n    at Object.collect (file:///Users/alariceverett/projects/gtm-os/node_modules/@vitest/runner/dist/index.js:905:54)\n    at processTicksAndRejections (node:internal/process/task_queues:105:5)\n    at file:///Users/alariceverett/projects/gtm-os/node_modules/@vitest/runner/dist/index.js:1390:26\n    at collectTests (file:///Users/alariceverett/projects/gtm-os/node_modules/@vitest/runner/dist/index.js:1365:3)\n    at startTests (file:///Users/alariceverett/projects/gtm-os/node_modules/@vitest/runner/dist/index.js:1937:17)\n    at file:///Users/alariceverett/projects/gtm-os/node_modules/vitest/dist/chunks/base.CJ0Y4ePK.js:86:26\n    at run (file:///Users/alariceverett/projects/gtm-os/node_modules/vitest/dist/chunks/base.CJ0Y4ePK.js:79:2)"],"meta":{}},{"ancestorTitles":["ResearchJobsList"],"fullName":"ResearchJobsList auto-refetches every 5 seconds","status":"failed","title":"auto-refetches every 5 seconds","duration":5008.197999999989,"failureMessages":["Error: STACK_TRACE_ERROR\n    at task (file:///Users/alariceverett/projects/gtm-os/node_modules/@vitest/runner/dist/index.js:796:27)\n    at Object.<anonymous> (file:///Users/alariceverett/projects/gtm-os/node_modules/@vitest/runner/dist/index.js:823:16)\n    at Object.<anonymous> (file:///Users/alariceverett/projects/gtm-os/node_modules/@vitest/runner/dist/index.js:615:28)\n    at chain (file:///Users/alariceverett/projects/gtm-os/node_modules/@vitest/runner/dist/chunk-tasks.js:9:14)\n    at /Users/alariceverett/projects/gtm-os/components/research/__tests__/ResearchJobsList.test.tsx:309:3\n    at file:///Users/alariceverett/projects/gtm-os/node_modules/@vitest/runner/dist/index.js:901:40\n    at runWithSuite (file:///Users/alariceverett/projects/gtm-os/node_modules/@vitest/runner/dist/index.js:1195:8)\n    at Object.collect (file:///Users/alariceverett/projects/gtm-os/node_modules/@vitest/runner/dist/index.js:901:10)\n    at Object.collect (file:///Users/alariceverett/projects/gtm-os/node_modules/@vitest/runner/dist/index.js:905:54)\n    at processTicksAndRejections (node:internal/process/task_queues:105:5)\n    at file:///Users/alariceverett/projects/gtm-os/node_modules/@vitest/runner/dist/index.js:1390:26\n    at collectTests (file:///Users/alariceverett/projects/gtm-os/node_modules/@vitest/runner/dist/index.js:1365:3)\n    at startTests (file:///Users/alariceverett/projects/gtm-os/node_modules/@vitest/runner/dist/index.js:1937:17)\n    at file:///Users/alariceverett/projects/gtm-os/node_modules/vitest/dist/chunks/base.CJ0Y4ePK.js:86:26\n    at run (file:///Users/alariceverett/projects/gtm-os/node_modules/vitest/dist/chunks/base.CJ0Y4ePK.js:79:2)"],"meta":{}},{"ancestorTitles":["ResearchJobsList"],"fullName":"ResearchJobsList handles empty job list","status":"failed","title":"handles empty job list","duration":5004.657999999996,"failureMessages":["Error: STACK_TRACE_ERROR\n    at task (file:///Users/alariceverett/projects/gtm-os/node_modules/@vitest/runner/dist/index.js:796:27)\n    at Object.<anonymous> (file:///Users/alariceverett/projects/gtm-os/node_modules/@vitest/runner/dist/index.js:823:16)\n    at Object.<anonymous> (file:///Users/alariceverett/projects/gtm-os/node_modules/@vitest/runner/dist/index.js:615:28)\n    at chain (file:///Users/alariceverett/projects/gtm-os/node_modules/@vitest/runner/dist/chunk-tasks.js:9:14)\n    at /Users/alariceverett/projects/gtm-os/components/research/__tests__/ResearchJobsList.test.tsx:329:3\n    at file:///Users/alariceverett/projects/gtm-os/node_modules/@vitest/runner/dist/index.js:901:40\n    at runWithSuite (file:///Users/alariceverett/projects/gtm-os/node_modules/@vitest/runner/dist/index.js:1195:8)\n    at Object.collect (file:///Users/alariceverett/projects/gtm-os/node_modules/@vitest/runner/dist/index.js:901:10)\n    at Object.collect (file:///Users/alariceverett/projects/gtm-os/node_modules/@vitest/runner/dist/index.js:905:54)\n    at processTicksAndRejections (node:internal/process/task_queues:105:5)\n    at file:///Users/alariceverett/projects/gtm-os/node_modules/@vitest/runner/dist/index.js:1390:26\n    at collectTests (file:///Users/alariceverett/projects/gtm-os/node_modules/@vitest/runner/dist/index.js:1365:3)\n    at startTests (file:///Users/alariceverett/projects/gtm-os/node_modules/@vitest/runner/dist/index.js:1937:17)\n    at file:///Users/alariceverett/projects/gtm-os/node_modules/vitest/dist/chunks/base.CJ0Y4ePK.js:86:26\n    at run (file:///Users/alariceverett/projects/gtm-os/node_modules/vitest/dist/chunks/base.CJ0Y4ePK.js:79:2)"],"meta":{}},{"ancestorTitles":["ResearchJobsList"],"fullName":"ResearchJobsList applies filter \"all\" correctly","status":"failed","title":"applies filter \"all\" correctly","duration":5006.851334000006,"failureMessages":["Error: STACK_TRACE_ERROR\n    at task (file:///Users/alariceverett/projects/gtm-os/node_modules/@vitest/runner/dist/index.js:796:27)\n    at Object.<anonymous> (file:///Users/alariceverett/projects/gtm-os/node_modules/@vitest/runner/dist/index.js:823:16)\n    at Object.<anonymous> (file:///Users/alariceverett/projects/gtm-os/node_modules/@vitest/runner/dist/index.js:615:28)\n    at chain (file:///Users/alariceverett/projects/gtm-os/node_modules/@vitest/runner/dist/chunk-tasks.js:9:14)\n    at /Users/alariceverett/projects/gtm-os/components/research/__tests__/ResearchJobsList.test.tsx:341:3\n    at file:///Users/alariceverett/projects/gtm-os/node_modules/@vitest/runner/dist/index.js:901:40\n    at runWithSuite (file:///Users/alariceverett/projects/gtm-os/node_modules/@vitest/runner/dist/index.js:1195:8)\n    at Object.collect (file:///Users/alariceverett/projects/gtm-os/node_modules/@vitest/runner/dist/index.js:901:10)\n    at Object.collect (file:///Users/alariceverett/projects/gtm-os/node_modules/@vitest/runner/dist/index.js:905:54)\n    at processTicksAndRejections (node:internal/process/task_queues:105:5)\n    at file:///Users/alariceverett/projects/gtm-os/node_modules/@vitest/runner/dist/index.js:1390:26\n    at collectTests (file:///Users/alariceverett/projects/gtm-os/node_modules/@vitest/runner/dist/index.js:1365:3)\n    at startTests (file:///Users/alariceverett/projects/gtm-os/node_modules/@vitest/runner/dist/index.js:1937:17)\n    at file:///Users/alariceverett/projects/gtm-os/node_modules/vitest/dist/chunks/base.CJ0Y4ePK.js:86:26\n    at run (file:///Users/alariceverett/projects/gtm-os/node_modules/vitest/dist/chunks/base.CJ0Y4ePK.js:79:2)"],"meta":{}},{"ancestorTitles":["ResearchJobsList"],"fullName":"ResearchJobsList subscribes to realtime updates","status":"failed","title":"subscribes to realtime updates","duration":5012.440959,"failureMessages":["Error: STACK_TRACE_ERROR\n    at task (file:///Users/alariceverett/projects/gtm-os/node_modules/@vitest/runner/dist/index.js:796:27)\n    at Object.<anonymous> (file:///Users/alariceverett/projects/gtm-os/node_modules/@vitest/runner/dist/index.js:823:16)\n    at Object.<anonymous> (file:///Users/alariceverett/projects/gtm-os/node_modules/@vitest/runner/dist/index.js:615:28)\n    at chain (file:///Users/alariceverett/projects/gtm-os/node_modules/@vitest/runner/dist/chunk-tasks.js:9:14)\n    at /Users/alariceverett/projects/gtm-os/components/research/__tests__/ResearchJobsList.test.tsx:358:3\n    at file:///Users/alariceverett/projects/gtm-os/node_modules/@vitest/runner/dist/index.js:901:40\n    at runWithSuite (file:///Users/alariceverett/projects/gtm-os/node_modules/@vitest/runner/dist/index.js:1195:8)\n    at Object.collect (file:///Users/alariceverett/projects/gtm-os/node_modules/@vitest/runner/dist/index.js:901:10)\n    at Object.collect (file:///Users/alariceverett/projects/gtm-os/node_modules/@vitest/runner/dist/index.js:905:54)\n    at processTicksAndRejections (node:internal/process/task_queues:105:5)\n    at file:///Users/alariceverett/projects/gtm-os/node_modules/@vitest/runner/dist/index.js:1390:26\n    at collectTests (file:///Users/alariceverett/projects/gtm-os/node_modules/@vitest/runner/dist/index.js:1365:3)\n    at startTests (file:///Users/alariceverett/projects/gtm-os/node_modules/@vitest/runner/dist/index.js:1937:17)\n    at file:///Users/alariceverett/projects/gtm-os/node_modules/vitest/dist/chunks/base.CJ0Y4ePK.js:86:26\n    at run (file:///Users/alariceverett/projects/gtm-os/node_modules/vitest/dist/chunks/base.CJ0Y4ePK.js:79:2)"],"meta":{}},{"ancestorTitles":["ResearchJobsList"],"fullName":"ResearchJobsList unsubscribes on unmount","status":"failed","title":"unsubscribes on unmount","duration":5007.826707999993,"failureMessages":["Error: STACK_TRACE_ERROR\n    at task (file:///Users/alariceverett/projects/gtm-os/node_modules/@vitest/runner/dist/index.js:796:27)\n    at Object.<anonymous> (file:///Users/alariceverett/projects/gtm-os/node_modules/@vitest/runner/dist/index.js:823:16)\n    at Object.<anonymous> (file:///Users/alariceverett/projects/gtm-os/node_modules/@vitest/runner/dist/index.js:615:28)\n    at chain (file:///Users/alariceverett/projects/gtm-os/node_modules/@vitest/runner/dist/chunk-tasks.js:9:14)\n    at /Users/alariceverett/projects/gtm-os/components/research/__tests__/ResearchJobsList.test.tsx:368:3\n    at file:///Users/alariceverett/projects/gtm-os/node_modules/@vitest/runner/dist/index.js:901:40\n    at runWithSuite (file:///Users/alariceverett/projects/gtm-os/node_modules/@vitest/runner/dist/index.js:1195:8)\n    at Object.collect (file:///Users/alariceverett/projects/gtm-os/node_modules/@vitest/runner/dist/index.js:901:10)\n    at Object.collect (file:///Users/alariceverett/projects/gtm-os/node_modules/@vitest/runner/dist/index.js:905:54)\n    at processTicksAndRejections (node:internal/process/task_queues:105:5)\n    at file:///Users/alariceverett/projects/gtm-os/node_modules/@vitest/runner/dist/index.js:1390:26\n    at collectTests (file:///Users/alariceverett/projects/gtm-os/node_modules/@vitest/runner/dist/index.js:1365:3)\n    at startTests (file:///Users/alariceverett/projects/gtm-os/node_modules/@vitest/runner/dist/index.js:1937:17)\n    at file:///Users/alariceverett/projects/gtm-os/node_modules/vitest/dist/chunks/base.CJ0Y4ePK.js:86:26\n    at run (file:///Users/alariceverett/projects/gtm-os/node_modules/vitest/dist/chunks/base.CJ0Y4ePK.js:79:2)"],"meta":{}},{"ancestorTitles":["ResearchJobsList"],"fullName":"ResearchJobsList displays job type icons","status":"failed","title":"displays job type icons","duration":5001.115624999991,"failureMessages":["Error: STACK_TRACE_ERROR\n    at task (file:///Users/alariceverett/projects/gtm-os/node_modules/@vitest/runner/dist/index.js:796:27)\n    at Object.<anonymous> (file:///Users/alariceverett/projects/gtm-os/node_modules/@vitest/runner/dist/index.js:823:16)\n    at Object.<anonymous> (file:///Users/alariceverett/projects/gtm-os/node_modules/@vitest/runner/dist/index.js:615:28)\n    at chain (file:///Users/alariceverett/projects/gtm-os/node_modules/@vitest/runner/dist/chunk-tasks.js:9:14)\n    at /Users/alariceverett/projects/gtm-os/components/research/__tests__/ResearchJobsList.test.tsx:380:3\n    at file:///Users/alariceverett/projects/gtm-os/node_modules/@vitest/runner/dist/index.js:901:40\n    at runWithSuite (file:///Users/alariceverett/projects/gtm-os/node_modules/@vitest/runner/dist/index.js:1195:8)\n    at Object.collect (file:///Users/alariceverett/projects/gtm-os/node_modules/@vitest/runner/dist/index.js:901:10)\n    at Object.collect (file:///Users/alariceverett/projects/gtm-os/node_modules/@vitest/runner/dist/index.js:905:54)\n    at processTicksAndRejections (node:internal/process/task_queues:105:5)\n    at file:///Users/alariceverett/projects/gtm-os/node_modules/@vitest/runner/dist/index.js:1390:26\n    at collectTests (file:///Users/alariceverett/projects/gtm-os/node_modules/@vitest/runner/dist/index.js:1365:3)\n    at startTests (file:///Users/alariceverett/projects/gtm-os/node_modules/@vitest/runner/dist/index.js:1937:17)\n    at file:///Users/alariceverett/projects/gtm-os/node_modules/vitest/dist/chunks/base.CJ0Y4ePK.js:86:26\n    at run (file:///Users/alariceverett/projects/gtm-os/node_modules/vitest/dist/chunks/base.CJ0Y4ePK.js:79:2)"],"meta":{}},{"ancestorTitles":["ResearchJobsList"],"fullName":"ResearchJobsList displays job details correctly","status":"failed","title":"displays job details correctly","duration":5002.623292000004,"failureMessages":["Error: STACK_TRACE_ERROR\n    at task (file:///Users/alariceverett/projects/gtm-os/node_modules/@vitest/runner/dist/index.js:796:27)\n    at Object.<anonymous> (file:///Users/alariceverett/projects/gtm-os/node_modules/@vitest/runner/dist/index.js:823:16)\n    at Object.<anonymous> (file:///Users/alariceverett/projects/gtm-os/node_modules/@vitest/runner/dist/index.js:615:28)\n    at chain (file:///Users/alariceverett/projects/gtm-os/node_modules/@vitest/runner/dist/chunk-tasks.js:9:14)\n    at /Users/alariceverett/projects/gtm-os/components/research/__tests__/ResearchJobsList.test.tsx:391:3\n    at file:///Users/alariceverett/projects/gtm-os/node_modules/@vitest/runner/dist/index.js:901:40\n    at runWithSuite (file:///Users/alariceverett/projects/gtm-os/node_modules/@vitest/runner/dist/index.js:1195:8)\n    at Object.collect (file:///Users/alariceverett/projects/gtm-os/node_modules/@vitest/runner/dist/index.js:901:10)\n    at Object.collect (file:///Users/alariceverett/projects/gtm-os/node_modules/@vitest/runner/dist/index.js:905:54)\n    at processTicksAndRejections (node:internal/process/task_queues:105:5)\n    at file:///Users/alariceverett/projects/gtm-os/node_modules/@vitest/runner/dist/index.js:1390:26\n    at collectTests (file:///Users/alariceverett/projects/gtm-os/node_modules/@vitest/runner/dist/index.js:1365:3)\n    at startTests (file:///Users/alariceverett/projects/gtm-os/node_modules/@vitest/runner/dist/index.js:1937:17)\n    at file:///Users/alariceverett/projects/gtm-os/node_modules/vitest/dist/chunks/base.CJ0Y4ePK.js:86:26\n    at run (file:///Users/alariceverett/projects/gtm-os/node_modules/vitest/dist/chunks/base.CJ0Y4ePK.js:79:2)"],"meta":{}},{"ancestorTitles":["ResearchJobsList"],"fullName":"ResearchJobsList displays error message for failed jobs","status":"failed","title":"displays error message for failed jobs","duration":5006.223874999996,"failureMessages":["Error: STACK_TRACE_ERROR\n    at task (file:///Users/alariceverett/projects/gtm-os/node_modules/@vitest/runner/dist/index.js:796:27)\n    at Object.<anonymous> (file:///Users/alariceverett/projects/gtm-os/node_modules/@vitest/runner/dist/index.js:823:16)\n    at Object.<anonymous> (file:///Users/alariceverett/projects/gtm-os/node_modules/@vitest/runner/dist/index.js:615:28)\n    at chain (file:///Users/alariceverett/projects/gtm-os/node_modules/@vitest/runner/dist/chunk-tasks.js:9:14)\n    at /Users/alariceverett/projects/gtm-os/components/research/__tests__/ResearchJobsList.test.tsx:403:3\n    at file:///Users/alariceverett/projects/gtm-os/node_modules/@vitest/runner/dist/index.js:901:40\n    at runWithSuite (file:///Users/alariceverett/projects/gtm-os/node_modules/@vitest/runner/dist/index.js:1195:8)\n    at Object.collect (file:///Users/alariceverett/projects/gtm-os/node_modules/@vitest/runner/dist/index.js:901:10)\n    at Object.collect (file:///Users/alariceverett/projects/gtm-os/node_modules/@vitest/runner/dist/index.js:905:54)\n    at processTicksAndRejections (node:internal/process/task_queues:105:5)\n    at file:///Users/alariceverett/projects/gtm-os/node_modules/@vitest/runner/dist/index.js:1390:26\n    at collectTests (file:///Users/alariceverett/projects/gtm-os/node_modules/@vitest/runner/dist/index.js:1365:3)\n    at startTests (file:///Users/alariceverett/projects/gtm-os/node_modules/@vitest/runner/dist/index.js:1937:17)\n    at file:///Users/alariceverett/projects/gtm-os/node_modules/vitest/dist/chunks/base.CJ0Y4ePK.js:86:26\n    at run (file:///Users/alariceverett/projects/gtm-os/node_modules/vitest/dist/chunks/base.CJ0Y4ePK.js:79:2)"],"meta":{}},{"ancestorTitles":["ResearchJobsList","Accessibility"],"fullName":"ResearchJobsList Accessibility has proper ARIA labels on stats cards","status":"failed","title":"has proper ARIA labels on stats cards","duration":5004.876791000002,"failureMessages":["Error: STACK_TRACE_ERROR\n    at task (file:///Users/alariceverett/projects/gtm-os/node_modules/@vitest/runner/dist/index.js:796:27)\n    at Object.<anonymous> (file:///Users/alariceverett/projects/gtm-os/node_modules/@vitest/runner/dist/index.js:823:16)\n    at Object.<anonymous> (file:///Users/alariceverett/projects/gtm-os/node_modules/@vitest/runner/dist/index.js:615:28)\n    at chain (file:///Users/alariceverett/projects/gtm-os/node_modules/@vitest/runner/dist/chunk-tasks.js:9:14)\n    at /Users/alariceverett/projects/gtm-os/components/research/__tests__/ResearchJobsList.test.tsx:420:5\n    at file:///Users/alariceverett/projects/gtm-os/node_modules/@vitest/runner/dist/index.js:901:40\n    at runWithSuite (file:///Users/alariceverett/projects/gtm-os/node_modules/@vitest/runner/dist/index.js:1195:8)\n    at Object.collect (file:///Users/alariceverett/projects/gtm-os/node_modules/@vitest/runner/dist/index.js:901:10)\n    at Object.collect (file:///Users/alariceverett/projects/gtm-os/node_modules/@vitest/runner/dist/index.js:905:54)\n    at processTicksAndRejections (node:internal/process/task_queues:105:5)\n    at Object.collect (file:///Users/alariceverett/projects/gtm-os/node_modules/@vitest/runner/dist/index.js:905:46)\n    at file:///Users/alariceverett/projects/gtm-os/node_modules/@vitest/runner/dist/index.js:1390:26\n    at collectTests (file:///Users/alariceverett/projects/gtm-os/node_modules/@vitest/runner/dist/index.js:1365:3)\n    at startTests (file:///Users/alariceverett/projects/gtm-os/node_modules/@vitest/runner/dist/index.js:1937:17)\n    at file:///Users/alariceverett/projects/gtm-os/node_modules/vitest/dist/chunks/base.CJ0Y4ePK.js:86:26"],"meta":{}},{"ancestorTitles":["ResearchJobsList","Accessibility"],"fullName":"ResearchJobsList Accessibility progress bar has proper ARIA attributes","status":"failed","title":"progress bar has proper ARIA attributes","duration":5002.701959000013,"failureMessages":["Error: STACK_TRACE_ERROR\n    at task (file:///Users/alariceverett/projects/gtm-os/node_modules/@vitest/runner/dist/index.js:796:27)\n    at Object.<anonymous> (file:///Users/alariceverett/projects/gtm-os/node_modules/@vitest/runner/dist/index.js:823:16)\n    at Object.<anonymous> (file:///Users/alariceverett/projects/gtm-os/node_modules/@vitest/runner/dist/index.js:615:28)\n    at chain (file:///Users/alariceverett/projects/gtm-os/node_modules/@vitest/runner/dist/chunk-tasks.js:9:14)\n    at /Users/alariceverett/projects/gtm-os/components/research/__tests__/ResearchJobsList.test.tsx:431:5\n    at file:///Users/alariceverett/projects/gtm-os/node_modules/@vitest/runner/dist/index.js:901:40\n    at runWithSuite (file:///Users/alariceverett/projects/gtm-os/node_modules/@vitest/runner/dist/index.js:1195:8)\n    at Object.collect (file:///Users/alariceverett/projects/gtm-os/node_modules/@vitest/runner/dist/index.js:901:10)\n    at Object.collect (file:///Users/alariceverett/projects/gtm-os/node_modules/@vitest/runner/dist/index.js:905:54)\n    at processTicksAndRejections (node:internal/process/task_queues:105:5)\n    at Object.collect (file:///Users/alariceverett/projects/gtm-os/node_modules/@vitest/runner/dist/index.js:905:46)\n    at file:///Users/alariceverett/projects/gtm-os/node_modules/@vitest/runner/dist/index.js:1390:26\n    at collectTests (file:///Users/alariceverett/projects/gtm-os/node_modules/@vitest/runner/dist/index.js:1365:3)\n    at startTests (file:///Users/alariceverett/projects/gtm-os/node_modules/@vitest/runner/dist/index.js:1937:17)\n    at file:///Users/alariceverett/projects/gtm-os/node_modules/vitest/dist/chunks/base.CJ0Y4ePK.js:86:26"],"meta":{}},{"ancestorTitles":["ResearchJobsList","Accessibility"],"fullName":"ResearchJobsList Accessibility action buttons have accessible labels","status":"failed","title":"action buttons have accessible labels","duration":5008.921042000002,"failureMessages":["Error: STACK_TRACE_ERROR\n    at task (file:///Users/alariceverett/projects/gtm-os/node_modules/@vitest/runner/dist/index.js:796:27)\n    at Object.<anonymous> (file:///Users/alariceverett/projects/gtm-os/node_modules/@vitest/runner/dist/index.js:823:16)\n    at Object.<anonymous> (file:///Users/alariceverett/projects/gtm-os/node_modules/@vitest/runner/dist/index.js:615:28)\n    at chain (file:///Users/alariceverett/projects/gtm-os/node_modules/@vitest/runner/dist/chunk-tasks.js:9:14)\n    at /Users/alariceverett/projects/gtm-os/components/research/__tests__/ResearchJobsList.test.tsx:443:5\n    at file:///Users/alariceverett/projects/gtm-os/node_modules/@vitest/runner/dist/index.js:901:40\n    at runWithSuite (file:///Users/alariceverett/projects/gtm-os/node_modules/@vitest/runner/dist/index.js:1195:8)\n    at Object.collect (file:///Users/alariceverett/projects/gtm-os/node_modules/@vitest/runner/dist/index.js:901:10)\n    at Object.collect (file:///Users/alariceverett/projects/gtm-os/node_modules/@vitest/runner/dist/index.js:905:54)\n    at processTicksAndRejections (node:internal/process/task_queues:105:5)\n    at Object.collect (file:///Users/alariceverett/projects/gtm-os/node_modules/@vitest/runner/dist/index.js:905:46)\n    at file:///Users/alariceverett/projects/gtm-os/node_modules/@vitest/runner/dist/index.js:1390:26\n    at collectTests (file:///Users/alariceverett/projects/gtm-os/node_modules/@vitest/runner/dist/index.js:1365:3)\n    at startTests (file:///Users/alariceverett/projects/gtm-os/node_modules/@vitest/runner/dist/index.js:1937:17)\n    at file:///Users/alariceverett/projects/gtm-os/node_modules/vitest/dist/chunks/base.CJ0Y4ePK.js:86:26"],"meta":{}}],"startTime":1772528060962,"endTime":1772528181083.9211,"status":"failed","message":"","name":"/Users/alariceverett/projects/gtm-os/components/research/__tests__/ResearchJobsList.test.tsx"}]}